<?xml version="1.0" encoding="UTF-8"?>
<!-- Generated by org.testng.reporters.JUnitReportReporter -->
<testsuite hostname="LAPTOP-PF1SH7SD" failures="0" tests="1" name="practice.Demo1Test" time="0.001" errors="0" timestamp="2021-12-13T14:34:40 IST" skipped="0">
  <testcase classname="practice.Demo1Test" name="demo1Test" time="0.001"/>
  <system-out/>
</testsuite> <!-- practice.Demo1Test -->
