<?xml version="1.0" encoding="UTF-8"?>
<!-- Generated by org.testng.reporters.JUnitReportReporter -->
<testsuite hostname="LAPTOP-PF1SH7SD" failures="0" tests="1" name="practice.SampleReadDataTest" time="0.007" errors="0" timestamp="2021-12-10T17:39:27 IST" skipped="0">
  <testcase classname="practice.SampleReadDataTest" name="sampleReadDataTest" time="0.007"/>
  <system-out/>
</testsuite> <!-- practice.SampleReadDataTest -->
