<?xml version="1.0" encoding="UTF-8"?>
<!-- Generated by org.testng.reporters.JUnitReportReporter -->
<testsuite hostname="LAPTOP-PF1SH7SD" failures="0" tests="1" name="practice.Demo2Test" time="0.007" errors="0" timestamp="2021-12-13T14:34:24 IST" skipped="0">
  <testcase classname="practice.Demo2Test" name="demo2Test" time="0.007"/>
  <system-out/>
</testsuite> <!-- practice.Demo2Test -->
