<?xml version="1.0" encoding="UTF-8"?>
<!-- Generated by org.testng.reporters.JUnitReportReporter -->
<testsuite hostname="LAPTOP-PF1SH7SD" failures="0" tests="1" name="samplePractice.SampleReadTest" time="0.006" errors="0" timestamp="2022-01-09T13:44:09 IST" skipped="0">
  <testcase classname="samplePractice.SampleReadTest" name="sampleReadTest" time="0.006"/>
  <system-out/>
</testsuite> <!-- samplePractice.SampleReadTest -->
