<?xml version="1.0" encoding="UTF-8"?>
<!-- Generated by org.testng.reporters.JUnitReportReporter -->
<testsuite hostname="LAPTOP-PF1SH7SD" failures="0" tests="1" name="practice.DemoTest" time="0.009" errors="0" timestamp="2021-12-10T12:48:45 IST" skipped="0">
  <testcase classname="practice.DemoTest" name="demo" time="0.009"/>
  <system-out/>
</testsuite> <!-- practice.DemoTest -->
